  Collection.cpp
  Movie.cpp
C:\OOP345Workshop\w5\at-home\Movie.cpp(17,10): fatal error C1083: Cannot open include file: 'Moive.h': No such file or directory
  w5_home.cpp
C:\OOP345Workshop\w5\at-home\Movie.h(29,27): error C4430: missing type specifier - int assumed. Note: C++ does not support default-int
C:\OOP345Workshop\w5\at-home\Movie.h(29,27): error C2610: 'int sdds::Movie::Movies(void)': is not a special member function or comparison operator which can be defaulted
C:\OOP345Workshop\w5\at-home\Movie.h(29,27): warning C4183: 'Movies': missing return type; assumed to be a member function returning 'int'
C:\OOP345Workshop\w5\at-home\Movie.h(30,34): error C4430: missing type specifier - int assumed. Note: C++ does not support default-int
C:\OOP345Workshop\w5\at-home\Movie.h(30,34): warning C4183: 'Movies': missing return type; assumed to be a member function returning 'int'
C:\OOP345Workshop\w5\at-home\Movie.h(37,61): error C4430: missing type specifier - int assumed. Note: C++ does not support default-int
C:\OOP345Workshop\w5\at-home\Movie.h(37,61): error C2143: syntax error: missing ',' before '&'
C:\OOP345Workshop\w5\at-home\w5_home.cpp(20,40): error C2143: syntax error: missing ')' before '<'
C:\OOP345Workshop\w5\at-home\w5_home.cpp(20,40): error C2143: syntax error: missing ';' before '<'
C:\OOP345Workshop\w5\at-home\w5_home.cpp(20,40): error C2059: syntax error: '<'
C:\OOP345Workshop\w5\at-home\w5_home.cpp(21,21): error C2059: syntax error: ')'
C:\OOP345Workshop\w5\at-home\w5_home.cpp(22,1): error C2143: syntax error: missing ';' before '{'
C:\OOP345Workshop\w5\at-home\w5_home.cpp(22,1): error C2447: '{': missing function header (old-style formal list?)
C:\OOP345Workshop\w5\at-home\w5_home.cpp(28,41): error C2143: syntax error: missing ')' before '<'
C:\OOP345Workshop\w5\at-home\w5_home.cpp(28,41): error C2143: syntax error: missing ';' before '<'
C:\OOP345Workshop\w5\at-home\w5_home.cpp(28,41): error C2059: syntax error: '<'
C:\OOP345Workshop\w5\at-home\w5_home.cpp(29,23): error C2059: syntax error: ')'
C:\OOP345Workshop\w5\at-home\w5_home.cpp(30,1): error C2143: syntax error: missing ';' before '{'
C:\OOP345Workshop\w5\at-home\w5_home.cpp(30,1): error C2447: '{': missing function header (old-style formal list?)
C:\OOP345Workshop\w5\at-home\w5_home.cpp(46,18): error C2059: syntax error: '<'
C:\OOP345Workshop\w5\at-home\w5_home.cpp(54,3): error C2065: 'library': undeclared identifier
C:\OOP345Workshop\w5\at-home\w5_home.cpp(74,15): error C2065: 'library': undeclared identifier
C:\OOP345Workshop\w5\at-home\w5_home.cpp(84,15): error C2065: 'library': undeclared identifier
C:\OOP345Workshop\w5\at-home\w5_home.cpp(87,12): error C2059: syntax error: '<'
C:\OOP345Workshop\w5\at-home\w5_home.cpp(102,4): error C2065: 'theCollection': undeclared identifier
C:\OOP345Workshop\w5\at-home\w5_home.cpp(103,2): error C2065: 'theCollection': undeclared identifier
C:\OOP345Workshop\w5\at-home\w5_home.cpp(105,2): error C2065: 'theCollection': undeclared identifier
C:\OOP345Workshop\w5\at-home\w5_home.cpp(106,2): error C2065: 'theCollection': undeclared identifier
C:\OOP345Workshop\w5\at-home\w5_home.cpp(107,2): error C2065: 'theCollection': undeclared identifier
C:\OOP345Workshop\w5\at-home\w5_home.cpp(108,2): error C2065: 'theCollection': undeclared identifier
C:\OOP345Workshop\w5\at-home\w5_home.cpp(121,17): error C2065: 'theCollection': undeclared identifier
C:\OOP345Workshop\w5\at-home\w5_home.cpp(137,26): error C2065: 'theCollection': undeclared identifier
C:\OOP345Workshop\w5\at-home\w5_home.cpp(138,5): error C2065: 'theCollection': undeclared identifier
C:\OOP345Workshop\w5\at-home\w5_home.cpp(139,26): error C2065: 'library': undeclared identifier
C:\OOP345Workshop\w5\at-home\w5_home.cpp(140,5): error C2065: 'library': undeclared identifier
C:\OOP345Workshop\w5\at-home\w5_home.cpp(144,15): error C2065: 'theCollection': undeclared identifier
C:\OOP345Workshop\w5\at-home\w5_home.cpp(146,15): error C2065: 'library': undeclared identifier
C:\OOP345Workshop\w5\at-home\w5_home.cpp(153,24): error C2065: 'theCollection': undeclared identifier
C:\OOP345Workshop\w5\at-home\w5_home.cpp(156,11): error C2065: 'theCollection': undeclared identifier
C:\OOP345Workshop\w5\at-home\w5_home.cpp(158,45): error C2679: binary '<<': no operator found which takes a right-hand operand of type 'const sdds::Movie' (or there is no acceptable conversion)
C:\Program Files (x86)\Microsoft Visual Studio\2019\Community\VC\Tools\MSVC\14.24.28314\include\ostream(462,39): message : could be 'std::basic_ostream<char,std::char_traits<char>> &std::basic_ostream<char,std::char_traits<char>>::operator <<(std::basic_streambuf<char,std::char_traits<char>> *)'
C:\Program Files (x86)\Microsoft Visual Studio\2019\Community\VC\Tools\MSVC\14.24.28314\include\ostream(437,39): message : or       'std::basic_ostream<char,std::char_traits<char>> &std::basic_ostream<char,std::char_traits<char>>::operator <<(const void *)'
C:\Program Files (x86)\Microsoft Visual Studio\2019\Community\VC\Tools\MSVC\14.24.28314\include\ostream(419,39): message : or       'std::basic_ostream<char,std::char_traits<char>> &std::basic_ostream<char,std::char_traits<char>>::operator <<(long double)'
C:\Program Files (x86)\Microsoft Visual Studio\2019\Community\VC\Tools\MSVC\14.24.28314\include\ostream(401,39): message : or       'std::basic_ostream<char,std::char_traits<char>> &std::basic_ostream<char,std::char_traits<char>>::operator <<(double)'
C:\Program Files (x86)\Microsoft Visual Studio\2019\Community\VC\Tools\MSVC\14.24.28314\include\ostream(383,39): message : or       'std::basic_ostream<char,std::char_traits<char>> &std::basic_ostream<char,std::char_traits<char>>::operator <<(float)'
C:\Program Files (x86)\Microsoft Visual Studio\2019\Community\VC\Tools\MSVC\14.24.28314\include\ostream(365,39): message : or       'std::basic_ostream<char,std::char_traits<char>> &std::basic_ostream<char,std::char_traits<char>>::operator <<(unsigned __int64)'
C:\Program Files (x86)\Microsoft Visual Studio\2019\Community\VC\Tools\MSVC\14.24.28314\include\ostream(347,39): message : or       'std::basic_ostream<char,std::char_traits<char>> &std::basic_ostream<char,std::char_traits<char>>::operator <<(__int64)'
C:\Program Files (x86)\Microsoft Visual Studio\2019\Community\VC\Tools\MSVC\14.24.28314\include\ostream(329,39): message : or       'std::basic_ostream<char,std::char_traits<char>> &std::basic_ostream<char,std::char_traits<char>>::operator <<(unsigned long)'
C:\Program Files (x86)\Microsoft Visual Studio\2019\Community\VC\Tools\MSVC\14.24.28314\include\ostream(311,39): message : or       'std::basic_ostream<char,std::char_traits<char>> &std::basic_ostream<char,std::char_traits<char>>::operator <<(long)'
C:\Program Files (x86)\Microsoft Visual Studio\2019\Community\VC\Tools\MSVC\14.24.28314\include\ostream(292,39): message : or       'std::basic_ostream<char,std::char_traits<char>> &std::basic_ostream<char,std::char_traits<char>>::operator <<(unsigned int)'
C:\Program Files (x86)\Microsoft Visual Studio\2019\Community\VC\Tools\MSVC\14.24.28314\include\ostream(266,39): message : or       'std::basic_ostream<char,std::char_traits<char>> &std::basic_ostream<char,std::char_traits<char>>::operator <<(int)'
C:\Program Files (x86)\Microsoft Visual Studio\2019\Community\VC\Tools\MSVC\14.24.28314\include\ostream(247,39): message : or       'std::basic_ostream<char,std::char_traits<char>> &std::basic_ostream<char,std::char_traits<char>>::operator <<(unsigned short)'
C:\Program Files (x86)\Microsoft Visual Studio\2019\Community\VC\Tools\MSVC\14.24.28314\include\ostream(213,39): message : or       'std::basic_ostream<char,std::char_traits<char>> &std::basic_ostream<char,std::char_traits<char>>::operator <<(short)'
C:\Program Files (x86)\Microsoft Visual Studio\2019\Community\VC\Tools\MSVC\14.24.28314\include\ostream(195,39): message : or       'std::basic_ostream<char,std::char_traits<char>> &std::basic_ostream<char,std::char_traits<char>>::operator <<(bool)'
C:\Program Files (x86)\Microsoft Visual Studio\2019\Community\VC\Tools\MSVC\14.24.28314\include\ostream(190,39): message : or       'std::basic_ostream<char,std::char_traits<char>> &std::basic_ostream<char,std::char_traits<char>>::operator <<(std::ios_base &(__cdecl *)(std::ios_base &))'
C:\Program Files (x86)\Microsoft Visual Studio\2019\Community\VC\Tools\MSVC\14.24.28314\include\ostream(185,39): message : or       'std::basic_ostream<char,std::char_traits<char>> &std::basic_ostream<char,std::char_traits<char>>::operator <<(std::basic_ios<char,std::char_traits<char>> &(__cdecl *)(std::basic_ios<char,std::char_traits<char>> &))'
C:\Program Files (x86)\Microsoft Visual Studio\2019\Community\VC\Tools\MSVC\14.24.28314\include\ostream(180,39): message : or       'std::basic_ostream<char,std::char_traits<char>> &std::basic_ostream<char,std::char_traits<char>>::operator <<(std::basic_ostream<char,std::char_traits<char>> &(__cdecl *)(std::basic_ostream<char,std::char_traits<char>> &))'
C:\OOP345Workshop\w5\at-home\Movie.h(37,25): message : or       'std::ostream &sdds::operator <<(std::ostream &,const int)' [found using argument-dependent lookup]
C:\Program Files (x86)\Microsoft Visual Studio\2019\Community\VC\Tools\MSVC\14.24.28314\include\ostream(963,32): message : or       'std::basic_ostream<char,std::char_traits<char>> &std::operator <<<char,std::char_traits<char>>(std::basic_ostream<char,std::char_traits<char>> &,const std::error_code &)'
C:\Program Files (x86)\Microsoft Visual Studio\2019\Community\VC\Tools\MSVC\14.24.28314\include\ostream(909,31): message : or       'std::basic_ostream<char,std::char_traits<char>> &std::operator <<<std::char_traits<char>>(std::basic_ostream<char,std::char_traits<char>> &,unsigned char)'
C:\Program Files (x86)\Microsoft Visual Studio\2019\Community\VC\Tools\MSVC\14.24.28314\include\ostream(903,31): message : or       'std::basic_ostream<char,std::char_traits<char>> &std::operator <<<std::char_traits<char>>(std::basic_ostream<char,std::char_traits<char>> &,const unsigned char *)'
C:\Program Files (x86)\Microsoft Visual Studio\2019\Community\VC\Tools\MSVC\14.24.28314\include\ostream(898,31): message : or       'std::basic_ostream<char,std::char_traits<char>> &std::operator <<<std::char_traits<char>>(std::basic_ostream<char,std::char_traits<char>> &,signed char)'
C:\Program Files (x86)\Microsoft Visual Studio\2019\Community\VC\Tools\MSVC\14.24.28314\include\ostream(892,31): message : or       'std::basic_ostream<char,std::char_traits<char>> &std::operator <<<std::char_traits<char>>(std::basic_ostream<char,std::char_traits<char>> &,const signed char *)'
C:\Program Files (x86)\Microsoft Visual Studio\2019\Community\VC\Tools\MSVC\14.24.28314\include\ostream(775,31): message : or       'std::basic_ostream<char,std::char_traits<char>> &std::operator <<<std::char_traits<char>>(std::basic_ostream<char,std::char_traits<char>> &,char)'
C:\Program Files (x86)\Microsoft Visual Studio\2019\Community\VC\Tools\MSVC\14.24.28314\include\ostream(730,31): message : or       'std::basic_ostream<char,std::char_traits<char>> &std::operator <<<std::char_traits<char>>(std::basic_ostream<char,std::char_traits<char>> &,const char *)'
C:\Program Files (x86)\Microsoft Visual Studio\2019\Community\VC\Tools\MSVC\14.24.28314\include\ostream(694,32): message : or       'std::basic_ostream<char,std::char_traits<char>> &std::operator <<<char,std::char_traits<char>>(std::basic_ostream<char,std::char_traits<char>> &,char)'
C:\Program Files (x86)\Microsoft Visual Studio\2019\Community\VC\Tools\MSVC\14.24.28314\include\ostream(650,32): message : or       'std::basic_ostream<char,std::char_traits<char>> &std::operator <<<char,std::char_traits<char>>(std::basic_ostream<char,std::char_traits<char>> &,const char *)'
C:\OOP345Workshop\w5\at-home\w5_home.cpp(158,45): message : while trying to match the argument list '(std::basic_ostream<char,std::char_traits<char>>, const sdds::Movie)'
C:\OOP345Workshop\w5\at-home\w5_home.cpp(38): fatal error C1075: '{': no matching token found
  Generating Code...
