c:\oop345workshop\ws3\ws3\x64\debug\vc142.pdb
c:\oop345workshop\ws3\ws3\x64\debug\vc142.idb
c:\oop345workshop\ws3\ws3\x64\debug\w3_lab.obj
c:\oop345workshop\ws3\ws3\x64\debug\w3_home.obj
c:\oop345workshop\ws3\ws3\x64\debug\w3_home.obj.enc
c:\oop345workshop\ws3\x64\debug\ws3.pdb
c:\oop345workshop\ws3\ws3\x64\debug\ws3.tlog\cl.command.1.tlog
c:\oop345workshop\ws3\ws3\x64\debug\ws3.tlog\cl.read.1.tlog
c:\oop345workshop\ws3\ws3\x64\debug\ws3.tlog\cl.write.1.tlog
c:\oop345workshop\ws3\ws3\x64\debug\ws3.tlog\link-cvtres.read.1.tlog
c:\oop345workshop\ws3\ws3\x64\debug\ws3.tlog\link-cvtres.write.1.tlog
c:\oop345workshop\ws3\ws3\x64\debug\ws3.tlog\link-rc.read.1.tlog
c:\oop345workshop\ws3\ws3\x64\debug\ws3.tlog\link-rc.write.1.tlog
c:\oop345workshop\ws3\ws3\x64\debug\ws3.tlog\link.18564-cvtres.read.1.tlog
c:\oop345workshop\ws3\ws3\x64\debug\ws3.tlog\link.18564-cvtres.write.1.tlog
c:\oop345workshop\ws3\ws3\x64\debug\ws3.tlog\link.18564-rc.read.1.tlog
c:\oop345workshop\ws3\ws3\x64\debug\ws3.tlog\link.18564-rc.write.1.tlog
c:\oop345workshop\ws3\ws3\x64\debug\ws3.tlog\link.18564.read.1.tlog
c:\oop345workshop\ws3\ws3\x64\debug\ws3.tlog\link.18564.write.1.tlog
c:\oop345workshop\ws3\ws3\x64\debug\ws3.tlog\link.command.1.tlog
c:\oop345workshop\ws3\ws3\x64\debug\ws3.tlog\link.read.1.tlog
c:\oop345workshop\ws3\ws3\x64\debug\ws3.tlog\link.write.1.tlog
