  Pair.cpp
  PairSummable.cpp
  Set.cpp
  SetSummable.cpp
  w3_home.cpp
C:\OOP345Workshop\ws3\ws3\w3_home.cpp(29,20): error C2059: syntax error: '<'
C:\OOP345Workshop\ws3\ws3\w3_home.cpp(45,24): error C2059: syntax error: '<'
C:\OOP345Workshop\ws3\ws3\w3_home.cpp(46,6): error C2065: 'products': undeclared identifier
C:\OOP345Workshop\ws3\ws3\w3_home.cpp(46,18): error C2065: 'record': undeclared identifier
C:\OOP345Workshop\ws3\ws3\w3_home.cpp(54,26): error C2065: 'products': undeclared identifier
C:\OOP345Workshop\ws3\ws3\w3_home.cpp(55,17): error C2065: 'products': undeclared identifier
C:\OOP345Workshop\ws3\ws3\w3_home.cpp(61,35): error C2065: 'products': undeclared identifier
C:\OOP345Workshop\ws3\ws3\w3_home.cpp(62,35): error C2065: 'products': undeclared identifier
C:\OOP345Workshop\ws3\ws3\w3_home.cpp(63,35): error C2065: 'products': undeclared identifier
C:\OOP345Workshop\ws3\ws3\w3_home.cpp(64,35): error C2065: 'products': undeclared identifier
C:\OOP345Workshop\ws3\ws3\w3_home.cpp(72,20): error C2059: syntax error: '<'
C:\OOP345Workshop\ws3\ws3\w3_home.cpp(89,24): error C2059: syntax error: '<'
C:\OOP345Workshop\ws3\ws3\w3_home.cpp(90,6): error C2065: 'ticketSales': undeclared identifier
C:\OOP345Workshop\ws3\ws3\w3_home.cpp(90,21): error C2065: 'record': undeclared identifier
C:\OOP345Workshop\ws3\ws3\w3_home.cpp(98,26): error C2065: 'ticketSales': undeclared identifier
C:\OOP345Workshop\ws3\ws3\w3_home.cpp(99,17): error C2065: 'ticketSales': undeclared identifier
C:\OOP345Workshop\ws3\ws3\w3_home.cpp(109,57): error C2065: 'ticketSales': undeclared identifier
C:\OOP345Workshop\ws3\ws3\w3_home.cpp(110,57): error C2065: 'ticketSales': undeclared identifier
C:\OOP345Workshop\ws3\ws3\w3_home.cpp(111,57): error C2065: 'ticketSales': undeclared identifier
  w3_lab.cpp
C:\OOP345Workshop\ws3\ws3\w3_lab.cpp(25,12): error C2059: syntax error: '<'
C:\OOP345Workshop\ws3\ws3\w3_lab.cpp(42,6): error C2065: 'ticketSales': undeclared identifier
C:\OOP345Workshop\ws3\ws3\w3_lab.cpp(42,27): error C2275: 'sdds::Pair': illegal use of this type as an expression
C:\OOP345Workshop\ws3\ws3\w3_lab.cpp(42): message : see declaration of 'sdds::Pair'
C:\OOP345Workshop\ws3\ws3\w3_lab.cpp(42,48): error C2062: type 'int' unexpected
C:\OOP345Workshop\ws3\ws3\w3_lab.cpp(50,26): error C2065: 'ticketSales': undeclared identifier
C:\OOP345Workshop\ws3\ws3\w3_lab.cpp(51,17): error C2065: 'ticketSales': undeclared identifier
  Generating Code...
